spawn ssh -o StrictHostKeyChecking=no root@54.255.186.244
root@54.255.186.244's password: 

A newer release of "Amazon Linux" is available.
  Version 2023.10.20260120:
  Version 2023.10.20260202:
  Version 2023.10.20260216:
  Version 2023.10.20260302:
Run "/usr/bin/dnf check-release-update" for full release and version update info
   ,     #_
   ~\_  ####_        Amazon Linux 2023
  ~~  \_#####\
  ~~     \###|
  ~~       \#/ ___   https://aws.amazon.com/linux/amazon-linux-2023
   ~~       V~' '->
    ~~~         /
      ~~._.   _/
         _/ _/
       _/m/'
Last login: Sun Mar  8 09:44:07 2026 from 118.171.210.198
docker ps -a | grep project-manage-backend
docker logs project-manage-backend | tail -n 50
exit
]0;root@ip-172-26-15-229:~[?2004h[root@ip-172-26-15-229 ~]# docker ps -a | grep project-manage-backend
[?2004l34b5c746993b   docker-backend       "java -jar app.jar"      59 seconds ago   Up 52 seconds   0.0.0.0:8081->8081/tcp, :::8081->8081/tcp   [01;31m[Kproject-manage-backend[m[K
]0;root@ip-172-26-15-229:~[?2004h[root@ip-172-26-15-229 ~]# docker logs project-manage-backend | tail -n 50
[?2004l
  .   ____          _            __ _ _
 /\\ / ___'_ __ _ _(_)_ __  __ _ \ \ \ \
( ( )\___ | '_ | '_| | '_ \/ _` | \ \ \ \
 \\/  ___)| |_)| | | | | || (_| |  ) ) ) )
  '  |____| .__|_| |_|_| |_\__, | / / / /
 =========|_|==============|___/=/_/_/_/
 :: Spring Boot ::                (v3.2.2)

2026-03-08T01:44:12.245Z  INFO 1 --- [project-manage-backend] [           main] com.erp.ErpApplication                   : Starting ErpApplication v0.0.1-SNAPSHOT using Java 21.0.10 with PID 1 (/app/app.jar started by root in /app)
2026-03-08T01:44:12.323Z  INFO 1 --- [project-manage-backend] [           main] com.erp.ErpApplication                   : No active profile set, falling back to 1 default profile: "default"
2026-03-08T01:44:32.555Z  INFO 1 --- [project-manage-backend] [           main] .s.d.r.c.RepositoryConfigurationDelegate : Multiple Spring Data modules found, entering strict repository configuration mode
2026-03-08T01:44:32.572Z  INFO 1 --- [project-manage-backend] [           main] .s.d.r.c.RepositoryConfigurationDelegate : Bootstrapping Spring Data JPA repositories in DEFAULT mode.
2026-03-08T01:44:35.203Z  INFO 1 --- [project-manage-backend] [           main] .s.d.r.c.RepositoryConfigurationDelegate : Finished Spring Data repository scanning in 2560 ms. Found 11 JPA repository interfaces.
2026-03-08T01:44:35.516Z  INFO 1 --- [project-manage-backend] [           main] .s.d.r.c.RepositoryConfigurationDelegate : Multiple Spring Data modules found, entering strict repository configuration mode
2026-03-08T01:44:35.519Z  INFO 1 --- [project-manage-backend] [           main] .s.d.r.c.RepositoryConfigurationDelegate : Bootstrapping Spring Data Redis repositories in DEFAULT mode.
2026-03-08T01:44:35.775Z  INFO 1 --- [project-manage-backend] [           main] .RepositoryConfigurationExtensionSupport : Spring Data Redis - Could not safely identify store assignment for repository candidate interface com.erp.repository.UserRepository; If you want this repository to be a Redis repository, consider annotating your entities with one of these annotations: org.springframework.data.redis.core.RedisHash (preferred), or consider extending one of the following types with your repository: org.springframework.data.keyvalue.repository.KeyValueRepository
2026-03-08T01:44:35.775Z  INFO 1 --- [project-manage-backend] [           main] .RepositoryConfigurationExtensionSupport : Spring Data Redis - Could not safely identify store assignment for repository candidate interface com.erp.repository.infoportal.AnnouncementRepository; If you want this repository to be a Redis repository, consider annotating your entities with one of these annotations: org.springframework.data.redis.core.RedisHash (preferred), or consider extending one of the following types with your repository: org.springframework.data.keyvalue.repository.KeyValueRepository
2026-03-08T01:44:35.776Z  INFO 1 --- [project-manage-backend] [           main] .RepositoryConfigurationExtensionSupport : Spring Data Redis - Could not safely identify store assignment for repository candidate interface com.erp.repository.infoportal.ShareLinkRepository; If you want this repository to be a Redis repository, consider annotating your entities with one of these annotations: org.springframework.data.redis.core.RedisHash (preferred), or consider extending one of the following types with your repository: org.springframework.data.keyvalue.repository.KeyValueRepository
2026-03-08T01:44:35.777Z  INFO 1 --- [project-manage-backend] [           main] .RepositoryConfigurationExtensionSupport : Spring Data Redis - Could not safely identify store assignment for repository candidate interface com.erp.repository.infoportal.DirectoryRepository; If you want this repository to be a Redis repository, consider annotating your entities with one of these annotations: org.springframework.data.redis.core.RedisHash (preferred), or consider extending one of the following types with your repository: org.springframework.data.keyvalue.repository.KeyValueRepository
2026-03-08T01:44:35.777Z  INFO 1 --- [project-manage-backend] [           main] .RepositoryConfigurationExtensionSupport : Spring Data Redis - Could not safely identify store assignment for repository candidate interface com.erp.repository.infoportal.FileEntityRepository; If you want this repository to be a Redis repository, consider annotating your entities with one of these annotations: org.springframework.data.redis.core.RedisHash (preferred), or consider extending one of the following types with your repository: org.springframework.data.keyvalue.repository.KeyValueRepository
2026-03-08T01:44:35.778Z  INFO 1 --- [project-manage-backend] [           main] .RepositoryConfigurationExtensionSupport : Spring Data Redis - Could not safely identify store assignment for repository candidate interface com.erp.repository.infoportal.ClientRepository; If you want this repository to be a Redis repository, consider annotating your entities with one of these annotations: org.springframework.data.redis.core.RedisHash (preferred), or consider extending one of the following types with your repository: org.springframework.data.keyvalue.repository.KeyValueRepository
2026-03-08T01:44:35.837Z  INFO 1 --- [project-manage-backend] [           main] .RepositoryConfigurationExtensionSupport : Spring Data Redis - Could not safely identify store assignment for repository candidate interface com.erp.repository.ProjectRepository; If you want this repository to be a Redis repository, consider annotating your entities with one of these annotations: org.springframework.data.redis.core.RedisHash (preferred), or consider extending one of the following types with your repository: org.springframework.data.keyvalue.repository.KeyValueRepository
2026-03-08T01:44:35.838Z  INFO 1 --- [project-manage-backend] [           main] .RepositoryConfigurationExtensionSupport : Spring Data Redis - Could not safely identify store assignment for repository candidate interface com.erp.repository.FinancialRepository; If you want this repository to be a Redis repository, consider annotating your entities with one of these annotations: org.springframework.data.redis.core.RedisHash (preferred), or consider extending one of the following types with your repository: org.springframework.data.keyvalue.repository.KeyValueRepository
2026-03-08T01:44:35.838Z  INFO 1 --- [project-manage-backend] [           main] .RepositoryConfigurationExtensionSupport : Spring Data Redis - Could not safely identify store assignment for repository candidate interface com.erp.repository.TaskRepository; If you want this repository to be a Redis repository, consider annotating your entities with one of these annotations: org.springframework.data.redis.core.RedisHash (preferred), or consider extending one of the following types with your repository: org.springframework.data.keyvalue.repository.KeyValueRepository
2026-03-08T01:44:35.839Z  INFO 1 --- [project-manage-backend] [           main] .RepositoryConfigurationExtensionSupport : Spring Data Redis - Could not safely identify store assignment for repository candidate interface com.erp.repository.FinanceCategoryRepository; If you want this repository to be a Redis repository, consider annotating your entities with one of these annotations: org.springframework.data.redis.core.RedisHash (preferred), or consider extending one of the following types with your repository: org.springframework.data.keyvalue.repository.KeyValueRepository
2026-03-08T01:44:35.839Z  INFO 1 --- [project-manage-backend] [           main] .RepositoryConfigurationExtensionSupport : Spring Data Redis - Could not safely identify store assignment for repository candidate interface com.erp.repository.EventRepository; If you want this repository to be a Redis repository, consider annotating your entities with one of these annotations: org.springframework.data.redis.core.RedisHash (preferred), or consider extending one of the following types with your repository: org.springframework.data.keyvalue.repository.KeyValueRepository
2026-03-08T01:44:35.841Z  INFO 1 --- [project-manage-backend] [           main] .s.d.r.c.RepositoryConfigurationDelegate : Finished Spring Data repository scanning in 234 ms. Found 0 Redis repository interfaces.
]0;root@ip-172-26-15-229:~[?2004h[root@ip-172-26-15-229 ~]# exit
[?2004llogout
Connection to 54.255.186.244 closed.
